2018-03-10 16:44:02.218  INFO 3520 --- [restartedMain] p.o.forumtest1.ForumTest1Application     : Starting ForumTest1Application on kiba with PID 3520 (started by K in C:\Documents and Settings\K\IdeaProjects\forum-test1)
2018-03-10 16:44:02.218  INFO 3520 --- [restartedMain] p.o.forumtest1.ForumTest1Application     : No active profile set, falling back to default profiles: default
2018-03-10 16:44:02.218  INFO 3520 --- [restartedMain] ationConfigEmbeddedWebApplicationContext : Refreshing org.springframework.boot.context.embedded.AnnotationConfigEmbeddedWebApplicationContext@192581c: startup date [Sat Mar 10 16:44:02 MSK 2018]; root of context hierarchy
2018-03-10 16:44:02.781  INFO 3520 --- [restartedMain] trationDelegate$BeanPostProcessorChecker : Bean 'org.springframework.transaction.annotation.ProxyTransactionManagementConfiguration' of type [org.springframework.transaction.annotation.ProxyTransactionManagementConfiguration$$EnhancerBySpringCGLIB$$668bae99] is not eligible for getting processed by all BeanPostProcessors (for example: not eligible for auto-proxying)
2018-03-10 16:44:02.796  INFO 3520 --- [restartedMain] trationDelegate$BeanPostProcessorChecker : Bean 'org.springframework.security.config.annotation.configuration.ObjectPostProcessorConfiguration' of type [org.springframework.security.config.annotation.configuration.ObjectPostProcessorConfiguration$$EnhancerBySpringCGLIB$$ff3976d3] is not eligible for getting processed by all BeanPostProcessors (for example: not eligible for auto-proxying)
2018-03-10 16:44:02.796  INFO 3520 --- [restartedMain] trationDelegate$BeanPostProcessorChecker : Bean 'objectPostProcessor' of type [org.springframework.security.config.annotation.configuration.AutowireBeanFactoryObjectPostProcessor] is not eligible for getting processed by all BeanPostProcessors (for example: not eligible for auto-proxying)
2018-03-10 16:44:02.796  INFO 3520 --- [restartedMain] trationDelegate$BeanPostProcessorChecker : Bean 'org.springframework.security.access.expression.method.DefaultMethodSecurityExpressionHandler@9f35cd' of type [org.springframework.security.access.expression.method.DefaultMethodSecurityExpressionHandler] is not eligible for getting processed by all BeanPostProcessors (for example: not eligible for auto-proxying)
2018-03-10 16:44:02.796  INFO 3520 --- [restartedMain] trationDelegate$BeanPostProcessorChecker : Bean 'org.springframework.security.config.annotation.method.configuration.GlobalMethodSecurityConfiguration' of type [org.springframework.security.config.annotation.method.configuration.GlobalMethodSecurityConfiguration$$EnhancerBySpringCGLIB$$240e1985] is not eligible for getting processed by all BeanPostProcessors (for example: not eligible for auto-proxying)
2018-03-10 16:44:02.796  INFO 3520 --- [restartedMain] trationDelegate$BeanPostProcessorChecker : Bean 'methodSecurityMetadataSource' of type [org.springframework.security.access.method.DelegatingMethodSecurityMetadataSource] is not eligible for getting processed by all BeanPostProcessors (for example: not eligible for auto-proxying)
2018-03-10 16:44:02.921  INFO 3520 --- [restartedMain] s.b.c.e.t.TomcatEmbeddedServletContainer : Tomcat initialized with port(s): 8090 (http)
2018-03-10 16:44:02.921  INFO 3520 --- [restartedMain] o.apache.catalina.core.StandardService   : Starting service [Tomcat]
2018-03-10 16:44:02.921  INFO 3520 --- [restartedMain] org.apache.catalina.core.StandardEngine  : Starting Servlet Engine: Apache Tomcat/8.5.27
2018-03-10 16:44:02.937  INFO 3520 --- [localhost-startStop-1] o.a.c.c.C.[Tomcat-3].[localhost].[/]     : Initializing Spring embedded WebApplicationContext
2018-03-10 16:44:02.937  INFO 3520 --- [localhost-startStop-1] o.s.web.context.ContextLoader            : Root WebApplicationContext: initialization completed in 719 ms
2018-03-10 16:44:03.031  INFO 3520 --- [localhost-startStop-1] o.s.b.w.servlet.FilterRegistrationBean   : Mapping filter: 'characterEncodingFilter' to: [/*]
2018-03-10 16:44:03.031  INFO 3520 --- [localhost-startStop-1] o.s.b.w.servlet.FilterRegistrationBean   : Mapping filter: 'hiddenHttpMethodFilter' to: [/*]
2018-03-10 16:44:03.031  INFO 3520 --- [localhost-startStop-1] o.s.b.w.servlet.FilterRegistrationBean   : Mapping filter: 'httpPutFormContentFilter' to: [/*]
2018-03-10 16:44:03.031  INFO 3520 --- [localhost-startStop-1] o.s.b.w.servlet.FilterRegistrationBean   : Mapping filter: 'requestContextFilter' to: [/*]
2018-03-10 16:44:03.031  INFO 3520 --- [localhost-startStop-1] .s.DelegatingFilterProxyRegistrationBean : Mapping filter: 'springSecurityFilterChain' to: [/*]
2018-03-10 16:44:03.031  INFO 3520 --- [localhost-startStop-1] o.s.b.w.servlet.ServletRegistrationBean  : Mapping servlet: 'dispatcherServlet' to [/]
2018-03-10 16:44:03.203  INFO 3520 --- [restartedMain] j.LocalContainerEntityManagerFactoryBean : Building JPA container EntityManagerFactory for persistence unit 'default'
2018-03-10 16:44:03.203  INFO 3520 --- [restartedMain] o.hibernate.jpa.internal.util.LogHelper  : HHH000204: Processing PersistenceUnitInfo [
	name: default
	...]
2018-03-10 16:44:03.203  INFO 3520 --- [restartedMain] org.hibernate.dialect.Dialect            : HHH000400: Using dialect: org.hibernate.dialect.MySQL5Dialect
2018-03-10 16:44:03.234  INFO 3520 --- [restartedMain] org.hibernate.tool.hbm2ddl.SchemaUpdate  : HHH000228: Running hbm2ddl schema update
2018-03-10 16:44:03.312  INFO 3520 --- [restartedMain] j.LocalContainerEntityManagerFactoryBean : Initialized JPA EntityManagerFactory for persistence unit 'default'
2018-03-10 16:44:03.718  INFO 3520 --- [restartedMain] o.s.s.web.DefaultSecurityFilterChain     : Creating filter chain: org.springframework.security.web.util.matcher.AnyRequestMatcher@1, [org.springframework.security.web.context.request.async.WebAsyncManagerIntegrationFilter@16e4586, org.springframework.security.web.context.SecurityContextPersistenceFilter@120f121, org.springframework.security.web.header.HeaderWriterFilter@11d7409, org.springframework.security.web.csrf.CsrfFilter@12c104d, org.springframework.security.web.authentication.logout.LogoutFilter@98a0aa, org.springframework.security.web.authentication.UsernamePasswordAuthenticationFilter@a3d135, org.springframework.security.web.savedrequest.RequestCacheAwareFilter@10773c3, org.springframework.security.web.servletapi.SecurityContextHolderAwareRequestFilter@18ce4d6, org.springframework.security.web.authentication.AnonymousAuthenticationFilter@2f4c30, org.springframework.security.web.session.SessionManagementFilter@53914, org.springframework.security.web.access.ExceptionTranslationFilter@6a50e6, org.springframework.security.web.access.intercept.FilterSecurityInterceptor@cffba1]
2018-03-10 16:44:03.859  INFO 3520 --- [restartedMain] s.w.s.m.m.a.RequestMappingHandlerAdapter : Looking for @ControllerAdvice: org.springframework.boot.context.embedded.AnnotationConfigEmbeddedWebApplicationContext@192581c: startup date [Sat Mar 10 16:44:02 MSK 2018]; root of context hierarchy
2018-03-10 16:44:03.875  INFO 3520 --- [restartedMain] s.w.s.m.m.a.RequestMappingHandlerMapping : Mapped "{[/profile],methods=[GET]}" onto public java.lang.String pro.ofitserov.forumtest1.controller.AuthController.profile(org.springframework.ui.Model)
2018-03-10 16:44:03.875  INFO 3520 --- [restartedMain] s.w.s.m.m.a.RequestMappingHandlerMapping : Mapped "{[/registration],methods=[GET]}" onto public java.lang.String pro.ofitserov.forumtest1.controller.AuthController.registration(org.springframework.ui.Model)
2018-03-10 16:44:03.875  INFO 3520 --- [restartedMain] s.w.s.m.m.a.RequestMappingHandlerMapping : Mapped "{[/registration],methods=[POST]}" onto public java.lang.String pro.ofitserov.forumtest1.controller.AuthController.registration(pro.ofitserov.forumtest1.controller.form.UserRegistrationForm,org.springframework.validation.BindingResult)
2018-03-10 16:44:03.875  INFO 3520 --- [restartedMain] s.w.s.m.m.a.RequestMappingHandlerMapping : Mapped "{[/login],methods=[GET]}" onto public java.lang.String pro.ofitserov.forumtest1.controller.AuthController.login(org.springframework.ui.Model,java.lang.String,java.lang.String)
2018-03-10 16:44:03.875  INFO 3520 --- [restartedMain] s.w.s.m.m.a.RequestMappingHandlerMapping : Mapped "{[/],methods=[GET]}" onto public java.lang.String pro.ofitserov.forumtest1.controller.IndexController.index(org.springframework.ui.ModelMap)
2018-03-10 16:44:03.875  INFO 3520 --- [restartedMain] s.w.s.m.m.a.RequestMappingHandlerMapping : Mapped "{[/error]}" onto public org.springframework.http.ResponseEntity<java.util.Map<java.lang.String, java.lang.Object>> org.springframework.boot.autoconfigure.web.BasicErrorController.error(javax.servlet.http.HttpServletRequest)
2018-03-10 16:44:03.875  INFO 3520 --- [restartedMain] s.w.s.m.m.a.RequestMappingHandlerMapping : Mapped "{[/error],produces=[text/html]}" onto public org.springframework.web.servlet.ModelAndView org.springframework.boot.autoconfigure.web.BasicErrorController.errorHtml(javax.servlet.http.HttpServletRequest,javax.servlet.http.HttpServletResponse)
2018-03-10 16:44:03.921  INFO 3520 --- [restartedMain] o.s.w.s.handler.SimpleUrlHandlerMapping  : Mapped URL path [/webjars/**] onto handler of type [class org.springframework.web.servlet.resource.ResourceHttpRequestHandler]
2018-03-10 16:44:03.921  INFO 3520 --- [restartedMain] o.s.w.s.handler.SimpleUrlHandlerMapping  : Mapped URL path [/**] onto handler of type [class org.springframework.web.servlet.resource.ResourceHttpRequestHandler]
2018-03-10 16:44:03.937  INFO 3520 --- [restartedMain] .m.m.a.ExceptionHandlerExceptionResolver : Detected @ExceptionHandler methods in exceptionHandlerController
2018-03-10 16:44:03.953  INFO 3520 --- [restartedMain] o.s.w.s.handler.SimpleUrlHandlerMapping  : Mapped URL path [/**/favicon.ico] onto handler of type [class org.springframework.web.servlet.resource.ResourceHttpRequestHandler]
2018-03-10 16:44:04.156  INFO 3520 --- [restartedMain] o.s.b.d.a.OptionalLiveReloadServer       : LiveReload server is running on port 35729
2018-03-10 16:44:04.234  INFO 3520 --- [restartedMain] o.s.j.e.a.AnnotationMBeanExporter        : Registering beans for JMX exposure on startup
2018-03-10 16:44:04.250  INFO 3520 --- [restartedMain] s.b.c.e.t.TomcatEmbeddedServletContainer : Tomcat started on port(s): 8090 (http)
2018-03-10 16:44:04.250  INFO 3520 --- [restartedMain] p.o.forumtest1.ForumTest1Application     : Started ForumTest1Application in 2.094 seconds (JVM running for 8747.968)
2018-03-10 16:44:17.796  INFO 3520 --- [Thread-161] ationConfigEmbeddedWebApplicationContext : Closing org.springframework.boot.context.embedded.AnnotationConfigEmbeddedWebApplicationContext@192581c: startup date [Sat Mar 10 16:44:02 MSK 2018]; root of context hierarchy
2018-03-10 16:44:17.796  INFO 3520 --- [Thread-161] o.s.j.e.a.AnnotationMBeanExporter        : Unregistering JMX-exposed beans on shutdown
2018-03-10 16:44:17.812  INFO 3520 --- [Thread-161] j.LocalContainerEntityManagerFactoryBean : Closing JPA EntityManagerFactory for persistence unit 'default'
